URI Global: , Request URI: /webktx/QuanLyKTX_API/Public/
URI Global: , Request URI: /webktx/QuanLyKTX_API/Public/
URI Global: , Request URI: /webktx/QuanLyKTX_API/Public/
URI Global: , Request URI: /webktx/QuanLyKTX_API/Public/
URI Global: , Request URI: /webktx/QuanLyKTX_API/Public/
URI Global: auth/login, Request URI: /webktx/QuanLyKTX_API/Public/auth/login
URI Global: auth/login, Request URI: /webktx/QuanLyKTX_API/Public/auth/login
URI Global: auth/dashboard, Request URI: /webktx/QuanLyKTX_API/Public/auth/dashboard
URI Global: student, Request URI: /webktx/QuanLyKTX_API/Public/student
URI Global: auth/dashboard, Request URI: /webktx/QuanLyKTX_API/Public/auth/dashboard
URI Global: room, Request URI: /webktx/QuanLyKTX_API/Public/room
URI Global: auth/dashboard, Request URI: /webktx/QuanLyKTX_API/Public/auth/dashboard
URI Global: student, Request URI: /webktx/QuanLyKTX_API/Public/student
URI Global: student/create, Request URI: /webktx/QuanLyKTX_API/Public/student/create
URI Global: student, Request URI: /webktx/QuanLyKTX_API/Public/student
URI Global: student/create, Request URI: /webktx/QuanLyKTX_API/Public/student/create
URI Global: student/store, Request URI: /webktx/QuanLyKTX_API/Public/student/store
URI Global: student, Request URI: /webktx/QuanLyKTX_API/Public/student
URI Global: student/edit/74DCTT0030, Request URI: /webktx/QuanLyKTX_API/Public/student/edit/74DCTT0030
URI Global: student/update/74DCTT0030, Request URI: /webktx/QuanLyKTX_API/Public/student/update/74DCTT0030
URI Global: student, Request URI: /webktx/QuanLyKTX_API/Public/student
URI Global: student/edit/74DCTT0024, Request URI: /webktx/QuanLyKTX_API/Public/student/edit/74DCTT0024
URI Global: student/update/74DCTT0024, Request URI: /webktx/QuanLyKTX_API/Public/student/update/74DCTT0024
URI Global: student, Request URI: /webktx/QuanLyKTX_API/Public/student
URI Global: student, Request URI: /webktx/QuanLyKTX_API/Public/student?keyword=74DCTT001
URI Global: student, Request URI: /webktx/QuanLyKTX_API/Public/student?keyword=74DCT
URI Global: student, Request URI: /webktx/QuanLyKTX_API/Public/student
URI Global: student/export, Request URI: /webktx/QuanLyKTX_API/Public/student/export
URI Global: auth/dashboard, Request URI: /webktx/QuanLyKTX_API/Public/auth/dashboard
URI Global: room, Request URI: /webktx/QuanLyKTX_API/Public/room
URI Global: room/danhsach/C101, Request URI: /webktx/QuanLyKTX_API/Public/room/danhsach/C101
URI Global: room, Request URI: /webktx/QuanLyKTX_API/Public/room
URI Global: room/danhsach/P201, Request URI: /webktx/QuanLyKTX_API/Public/room/danhsach/P201
URI Global: room, Request URI: /webktx/QuanLyKTX_API/Public/room
URI Global: room/create, Request URI: /webktx/QuanLyKTX_API/Public/room/create
URI Global: room/store, Request URI: /webktx/QuanLyKTX_API/Public/room/store
URI Global: room, Request URI: /webktx/QuanLyKTX_API/Public/room
URI Global: room/edit/P201, Request URI: /webktx/QuanLyKTX_API/Public/room/edit/P201
URI Global: room/update/P201, Request URI: /webktx/QuanLyKTX_API/Public/room/update/P201
URI Global: room, Request URI: /webktx/QuanLyKTX_API/Public/room
URI Global: auth/dashboard, Request URI: /webktx/QuanLyKTX_API/Public/auth/dashboard
URI Global: contract, Request URI: /webktx/QuanLyKTX_API/Public/contract
URI Global: auth/dashboard, Request URI: /webktx/QuanLyKTX_API/Public/auth/dashboard
URI Global: room, Request URI: /webktx/QuanLyKTX_API/Public/room
URI Global: auth/dashboard, Request URI: /webktx/QuanLyKTX_API/Public/auth/dashboard
URI Global: contract, Request URI: /webktx/QuanLyKTX_API/Public/contract
URI Global: contract/create, Request URI: /webktx/QuanLyKTX_API/Public/contract/create
URI Global: contract/store, Request URI: /webktx/QuanLyKTX_API/Public/contract/store
URI Global: contract, Request URI: /webktx/QuanLyKTX_API/Public/contract
URI Global: contract/create, Request URI: /webktx/QuanLyKTX_API/Public/contract/create
URI Global: contract, Request URI: /webktx/QuanLyKTX_API/Public/contract
URI Global: contract/create, Request URI: /webktx/QuanLyKTX_API/Public/contract/create
URI Global: contract, Request URI: /webktx/QuanLyKTX_API/Public/contract
URI Global: auth/dashboard, Request URI: /webktx/QuanLyKTX_API/Public/auth/dashboard
URI Global: room, Request URI: /webktx/QuanLyKTX_API/Public/room
URI Global: room/danhsach/D102, Request URI: /webktx/QuanLyKTX_API/Public/room/danhsach/D102
URI Global: room, Request URI: /webktx/QuanLyKTX_API/Public/room
URI Global: room/danhsach/P201, Request URI: /webktx/QuanLyKTX_API/Public/room/danhsach/P201
URI Global: room, Request URI: /webktx/QuanLyKTX_API/Public/room
URI Global: auth/dashboard, Request URI: /webktx/QuanLyKTX_API/Public/auth/dashboard
URI Global: payment, Request URI: /webktx/QuanLyKTX_API/Public/payment
URI Global: auth/dashboard, Request URI: /webktx/QuanLyKTX_API/Public/auth/dashboard
URI Global: room, Request URI: /webktx/QuanLyKTX_API/Public/room
URI Global: room/export, Request URI: /webktx/QuanLyKTX_API/Public/room/export
URI Global: auth/dashboard, Request URI: /webktx/QuanLyKTX_API/Public/auth/dashboard
URI Global: payment, Request URI: /webktx/QuanLyKTX_API/Public/payment
URI Global: payment/create, Request URI: /webktx/QuanLyKTX_API/Public/payment/create
URI Global: payment/getRoomPrice, Request URI: /webktx/QuanLyKTX_API/Public/payment/getRoomPrice
URI Global: payment/store, Request URI: /webktx/QuanLyKTX_API/Public/payment/store
URI Global: payment, Request URI: /webktx/QuanLyKTX_API/Public/payment
URI Global: payment/markAsPaid/4, Request URI: /webktx/QuanLyKTX_API/Public/payment/markAsPaid/4
URI Global: payment, Request URI: /webktx/QuanLyKTX_API/Public/payment
URI Global: auth/dashboard, Request URI: /webktx/QuanLyKTX_API/Public/auth/dashboard
URI Global: utility, Request URI: /webktx/QuanLyKTX_API/Public/utility
URI Global: utility, Request URI: /webktx/QuanLyKTX_API/Public/utility?tab=water
URI Global: utility, Request URI: /webktx/QuanLyKTX_API/Public/utility?tab=electricity
URI Global: utility/create, Request URI: /webktx/QuanLyKTX_API/Public/utility/create?type=electricity
URI Global: utility, Request URI: /webktx/QuanLyKTX_API/Public/utility?tab=electricity
URI Global: utility/create, Request URI: /webktx/QuanLyKTX_API/Public/utility/create?type=electricity
URI Global: utility/store, Request URI: /webktx/QuanLyKTX_API/Public/utility/store
URI Global: utility, Request URI: /webktx/QuanLyKTX_API/Public/utility?tab=electricity
URI Global: auth/dashboard, Request URI: /webktx/QuanLyKTX_API/Public/auth/dashboard
URI Global: utility, Request URI: /webktx/QuanLyKTX_API/Public/utility
URI Global: utility/payElectricity/TD001, Request URI: /webktx/QuanLyKTX_API/Public/utility/payElectricity/TD001
URI Global: utility, Request URI: /webktx/QuanLyKTX_API/Public/utility?tab=electricity
URI Global: auth/dashboard, Request URI: /webktx/QuanLyKTX_API/Public/auth/dashboard
URI Global: utility, Request URI: /webktx/QuanLyKTX_API/Public/utility
URI Global: utility, Request URI: /webktx/QuanLyKTX_API/Public/utility?tab=water
URI Global: utility/create, Request URI: /webktx/QuanLyKTX_API/Public/utility/create?type=water
URI Global: utility, Request URI: /webktx/QuanLyKTX_API/Public/utility?tab=water
URI Global: auth/dashboard, Request URI: /webktx/QuanLyKTX_API/Public/auth/dashboard
URI Global: incident, Request URI: /webktx/QuanLyKTX_API/Public/incident
URI Global: incident, Request URI: /webktx/QuanLyKTX_API/Public/incident?search=&status=M%E1%BB%9Bi+g%E1%BB%ADi
URI Global: incident, Request URI: /webktx/QuanLyKTX_API/Public/incident?search=&status=%C4%90ang+X%E1%BB%AD+L%C3%BD
URI Global: incident, Request URI: /webktx/QuanLyKTX_API/Public/incident?search=&status=%C4%90%C3%A3+X%E1%BB%AD+L%C3%BD
URI Global: incident, Request URI: /webktx/QuanLyKTX_API/Public/incident?search=3&status=
URI Global: incident, Request URI: /webktx/QuanLyKTX_API/Public/incident
URI Global: incident, Request URI: /webktx/QuanLyKTX_API/Public/incident?search=&status=Ch%E1%BB%9D+X%E1%BB%AD+L%C3%BD
URI Global: incident/create, Request URI: /webktx/QuanLyKTX_API/Public/incident/create
URI Global: incident/store, Request URI: /webktx/QuanLyKTX_API/Public/incident/store
URI Global: incident, Request URI: /webktx/QuanLyKTX_API/Public/incident
URI Global: auth/dashboard, Request URI: /webktx/QuanLyKTX_API/Public/auth/dashboard
URI Global: auth/logout, Request URI: /webktx/QuanLyKTX_API/Public/auth/logout
URI Global: auth/login, Request URI: /webktx/QuanLyKTX_API/Public/auth/login
URI Global: auth/login, Request URI: /webktx/QuanLyKTX_API/Public/auth/login
URI Global: auth/login, Request URI: /webktx/QuanLyKTX_API/Public/auth/login
URI Global: auth/dashboard, Request URI: /webktx/QuanLyKTX_API/Public/auth/dashboard
URI Global: contract, Request URI: /webktx/QuanLyKTX_API/Public/contract
URI Global: auth/dashboard, Request URI: /webktx/QuanLyKTX_API/Public/auth/dashboard
URI Global: incident, Request URI: /webktx/QuanLyKTX_API/Public/incident
URI Global: incident, Request URI: /webktx/QuanLyKTX_API/Public/incident?search=&status=M%E1%BB%9Bi+g%E1%BB%ADi
URI Global: incident, Request URI: /webktx/QuanLyKTX_API/Public/incident?search=&status=%C4%90ang+X%E1%BB%AD+L%C3%BD
URI Global: incident, Request URI: /webktx/QuanLyKTX_API/Public/incident?search=&status=M%E1%BB%9Bi+g%E1%BB%ADi
URI Global: incident, Request URI: /webktx/QuanLyKTX_API/Public/incident?search=&status=Ch%E1%BB%9D+X%E1%BB%AD+L%C3%BD
URI Global: incident, Request URI: /webktx/QuanLyKTX_API/Public/incident?search=&status=Ch%E1%BB%9D+X%E1%BB%AD+L%C3%BD
URI Global: incident, Request URI: /webktx/QuanLyKTX_API/Public/incident?search=&status=M%E1%BB%9Bi+g%E1%BB%ADi
URI Global: incident, Request URI: /webktx/QuanLyKTX_API/Public/incident?search=&status=%C4%90ang+X%E1%BB%AD+L%C3%BD
URI Global: incident, Request URI: /webktx/QuanLyKTX_API/Public/incident?search=&status=%C4%90ang+X%E1%BB%AD+L%C3%BD
URI Global: incident, Request URI: /webktx/QuanLyKTX_API/Public/incident?search=&status=M%E1%BB%9Bi+g%E1%BB%ADi
URI Global: incident, Request URI: /webktx/QuanLyKTX_API/Public/incident
